<?xml version="1.0" encoding="UTF-8"?>
<testsuite name="SILab2Test" tests="2" skipped="0" failures="0" errors="0" timestamp="2024-05-22T12:17:22" hostname="DELL-G3" time="0.021">
  <properties/>
  <testcase name="MultipleConditionTest()" classname="SILab2Test" time="0.017"/>
  <testcase name="EveryBranchTest()" classname="SILab2Test" time="0.003"/>
  <system-out><![CDATA[]]></system-out>
  <system-err><![CDATA[]]></system-err>
</testsuite>
